\BOOKMARK [1][-]{section.1}{\376\377\000I\000n\000t\000r\000o\000d\000u\000c\000t\000i\000o\000n}{}% 1
\BOOKMARK [1][-]{section.2}{\376\377\000P\000P\000O}{}% 2
\BOOKMARK [2][-]{section*.2}{\376\377\000S\000e\000t\000u\000p}{section.2}% 3
\BOOKMARK [2][-]{section*.3}{\376\377\000P\000o\000l\000i\000c\000y\000\040\000G\000r\000a\000d\000i\000e\000n\000t\000\040\000F\000o\000u\000n\000d\000a\000t\000i\000o\000n}{section.2}% 4
\BOOKMARK [2][-]{section*.4}{\376\377\000C\000l\000i\000p\000p\000e\000d\000\040\000S\000u\000r\000r\000o\000g\000a\000t\000e\000\040\000O\000b\000j\000e\000c\000t\000i\000v\000e}{section.2}% 5
\BOOKMARK [2][-]{section*.5}{\376\377\000V\000a\000l\000u\000e\000\040\000F\000u\000n\000c\000t\000i\000o\000n\000\040\000a\000n\000d\000\040\000E\000n\000t\000r\000o\000p\000y}{section.2}% 6
\BOOKMARK [2][-]{section*.6}{\376\377\000F\000u\000l\000l\000\040\000O\000b\000j\000e\000c\000t\000i\000v\000e}{section.2}% 7
\BOOKMARK [2][-]{section*.7}{\376\377\000G\000e\000n\000e\000r\000a\000l\000i\000s\000e\000d\000\040\000A\000d\000v\000a\000n\000t\000a\000g\000e\000\040\000E\000s\000t\000i\000m\000a\000t\000i\000o\000n\000\040\000\050\000G\000A\000E\000\051}{section.2}% 8
\BOOKMARK [2][-]{section*.8}{\376\377\000S\000e\000q\000u\000e\000n\000c\000e\000-\000L\000e\000v\000e\000l\000\040\000P\000P\000O\000\040\000\050\000L\000L\000M\000\040\000C\000a\000s\000e\000\051}{section.2}% 9
\BOOKMARK [1][-]{section.3}{\376\377\000V\000-\000M\000P\000O}{}% 10
\BOOKMARK [2][-]{section*.9}{\376\377\000I\000m\000p\000l\000e\000m\000e\000n\000t\000a\000t\000i\000o\000n}{section.3}% 11
\BOOKMARK [2][-]{section*.10}{\376\377\000P\000o\000l\000i\000c\000y\000\040\000E\000v\000a\000l\000u\000a\000t\000i\000o\000n\000\040\000\050\000C\000r\000i\000t\000i\000c\000\040\000U\000p\000d\000a\000t\000e\000\051}{section.3}% 12
\BOOKMARK [2][-]{section*.11}{\376\377\000P\000o\000l\000i\000c\000y\000\040\000I\000m\000p\000r\000o\000v\000e\000m\000e\000n\000t\000\040\000v\000i\000a\000\040\000E\000M}{section.3}% 13
\BOOKMARK [2][-]{section*.12}{\376\377\000E\000-\000S\000t\000e\000p\000:\000\040\000N\000o\000n\000-\000P\000a\000r\000a\000m\000e\000t\000r\000i\000c\000\040\000P\000o\000l\000i\000c\000y\000\040\000C\000o\000n\000s\000t\000r\000u\000c\000t\000i\000o\000n}{section.3}% 14
\BOOKMARK [2][-]{section*.13}{\376\377\000M\000-\000S\000t\000e\000p\000:\000\040\000P\000a\000r\000a\000m\000e\000t\000r\000i\000c\000\040\000P\000r\000o\000j\000e\000c\000t\000i\000o\000n\000\040\000w\000i\000t\000h\000\040\000K\000L\000\040\000C\000o\000n\000s\000t\000r\000a\000i\000n\000t}{section.3}% 15
\BOOKMARK [1][-]{section.4}{\376\377\000E\000M\000\040\000f\000o\000r\000\040\000F\000i\000n\000e\000-\000T\000u\000n\000i\000n\000g\000\040\000a\000n\000d\000\040\000L\000L\000M\000-\000S\000c\000a\000l\000e\000\040\000A\000d\000a\000p\000t\000i\000v\000e\000\040\000T\000e\000m\000p\000e\000r\000a\000t\000u\000r\000e}{}% 16
\BOOKMARK [2][-]{section*.15}{\376\377\000E\000-\000s\000t\000e\000p\000\040\000/\000\040\000M\000-\000s\000t\000e\000p\000\040\000f\000o\000r\000\040\000S\000F\000T}{section.4}% 17
\BOOKMARK [2][-]{section*.16}{\376\377\000E\000-\000s\000t\000e\000p\000\040\000/\000\040\000M\000-\000s\000t\000e\000p\000\040\000f\000o\000r\000\040\000R\000L\000\040\000F\000i\000n\000e\000-\000T\000u\000n\000i\000n\000g\000\040\000\050\000K\000L\000-\000R\000e\000g\000u\000l\000a\000r\000i\000s\000e\000d\000\051}{section.4}% 18
\BOOKMARK [2][-]{section*.17}{\376\377\000T\000o\000k\000e\000n\000-\000L\000e\000v\000e\000l\000\040\000F\000o\000r\000m}{section.4}% 19
\BOOKMARK [2][-]{section*.18}{\376\377\000S\000e\000q\000u\000e\000n\000c\000e\000-\000L\000e\000v\000e\000l\000\040\000V\000-\000M\000P\000O\000\040\000a\000t\000\040\000L\000L\000M\000\040\000S\000c\000a\000l\000e}{section.4}% 20
\BOOKMARK [3][-]{section*.19}{\376\377\000D\000u\000a\000l\000\040\000O\000b\000j\000e\000c\000t\000i\000v\000e\000\040\000f\000o\000r\000\040\000t\000h\000e\000\040\000T\000e\000m\000p\000e\000r\000a\000t\000u\000r\000e}{section*.18}% 21
\BOOKMARK [3][-]{section*.20}{\376\377\000N\000u\000m\000e\000r\000i\000c\000a\000l\000l\000y\000\040\000S\000t\000a\000b\000l\000e\000\040\000L\000o\000g\000-\000S\000u\000m\000-\000E\000x\000p\000\040\000F\000o\000r\000m}{section*.18}% 22
\BOOKMARK [3][-]{section*.21}{\376\377\000T\000o\000p\000-\000k\000\040\000S\000e\000l\000e\000c\000t\000i\000o\000n}{section*.18}% 23
\BOOKMARK [3][-]{section*.22}{\376\377\000P\000o\000s\000i\000t\000i\000v\000e\000\040\000P\000a\000r\000a\000m\000e\000t\000e\000r\000i\000s\000a\000t\000i\000o\000n\000\040\000o\000f\000\040\000t\000h\000e\000\040\000T\000e\000m\000p\000e\000r\000a\000t\000u\000r\000e}{section*.18}% 24
\BOOKMARK [3][-]{section*.23}{\376\377\000S\000e\000q\000u\000e\000n\000c\000e\000-\000L\000e\000v\000e\000l\000\040\000M\000-\000S\000t\000e\000p}{section*.18}% 25
\BOOKMARK [3][-]{section*.24}{\376\377\000F\000u\000l\000l\000\040\000A\000d\000a\000p\000t\000i\000v\000e\000\040\000E\000M\000\040\000P\000r\000o\000c\000e\000d\000u\000r\000e}{section*.18}% 26
\BOOKMARK [1][-]{section.5}{\376\377\000D\000i\000r\000e\000c\000t\000\040\000A\000d\000v\000a\000n\000t\000a\000g\000e\000\040\000R\000e\000g\000r\000e\000s\000s\000i\000o\000n\000:\000\040\000A\000l\000i\000g\000n\000i\000n\000g\000\040\000L\000L\000M\000s\000\040\000w\000i\000t\000h\000\040\000O\000n\000l\000i\000n\000e\000\040\000A\000I\000\040\000R\000e\000w\000a\000r\000d}{}% 27
\BOOKMARK [2][-]{section*.25}{\376\377\000R\000L\000\040\000F\000i\000n\000e\000-\000t\000u\000n\000i\000n\000g}{section.5}% 28
\BOOKMARK [2][-]{section*.26}{\376\377\000A\000d\000v\000a\000n\000t\000a\000g\000e\000\040\000W\000e\000i\000g\000h\000t\000e\000d\000\040\000R\000e\000g\000r\000e\000s\000s\000i\000o\000n}{section.5}% 29
\BOOKMARK [2][-]{section*.27}{\376\377\000D\000i\000r\000e\000c\000t\000\040\000A\000d\000v\000a\000n\000t\000a\000g\000e\000\040\000R\000e\000g\000r\000e\000s\000s\000i\000o\000n}{section.5}% 30
\BOOKMARK [3][-]{section*.28}{\376\377\000D\000u\000a\000l\000-\000C\000o\000n\000s\000t\000r\000a\000i\000n\000e\000d\000\040\000O\000b\000j\000e\000c\000t\000i\000v\000e}{section*.27}% 31
\BOOKMARK [2][-]{section*.31}{\376\377\000M\000a\000p\000p\000i\000n\000g\000\040\000D\000A\000R\000\040\000t\000o\000\040\000V\000-\000M\000P\000O}{section.5}% 32
\BOOKMARK [1][-]{section.6}{\376\377\000T\000r\000a\000n\000s\000f\000o\000r\000m\000e\000r\000s\000\040\000-\000\040\000T\000r\000X\000L}{}% 33
\BOOKMARK [2][-]{section*.40}{\376\377\000I\000m\000p\000l\000e\000m\000e\000n\000t\000a\000t\000i\000o\000n}{section.6}% 34
\BOOKMARK [2][-]{section*.41}{\376\377\000G\000T\000r\000X\000L\000\040\000w\000i\000t\000h\000\040\000V\000-\000M\000P\000O}{section.6}% 35
\BOOKMARK [3][-]{section*.42}{\376\377\000I\000d\000e\000n\000t\000i\000t\000y\000\040\000M\000a\000p\000\040\000R\000e\000o\000r\000d\000e\000r\000i\000n\000g\000\040\000\050\000T\000r\000X\000L\000-\000I\000\051}{section*.41}% 36
\BOOKMARK [3][-]{section*.43}{\376\377\000G\000a\000t\000i\000n\000g\000\040\000L\000a\000y\000e\000r\000s}{section*.41}% 37
\BOOKMARK [3][-]{section*.44}{\376\377\000W\000h\000y\000\040\000G\000T\000r\000X\000L\000\040\000S\000u\000i\000t\000s\000\040\000V\000-\000M\000P\000O}{section*.41}% 38
\BOOKMARK [3][-]{section*.45}{\376\377\000A\000r\000c\000h\000i\000t\000e\000c\000t\000u\000r\000e\000\040\000a\000n\000d\000\040\000T\000r\000a\000i\000n\000i\000n\000g\000\040\000C\000o\000n\000f\000i\000g\000u\000r\000a\000t\000i\000o\000n}{section*.41}% 39
\BOOKMARK [1][-]{section.7}{\376\377\000T\000h\000e\000\040\000C\000a\000s\000e\000\040\000f\000o\000r\000\040\000D\000r\000o\000p\000o\000u\000t}{}% 40
\BOOKMARK [2][-]{section*.46}{\376\377\000D\000r\000o\000p\000o\000u\000t\000\040\000i\000n\000\040\000L\000L\000M\000s}{section.7}% 41
\BOOKMARK [2][-]{section*.47}{\376\377\000W\000h\000y\000\040\000P\000P\000O\000\040\000D\000i\000s\000a\000b\000l\000e\000s\000\040\000D\000r\000o\000p\000o\000u\000t}{section.7}% 42
\BOOKMARK [2][-]{section*.51}{\376\377\000W\000h\000y\000\040\000V\000-\000M\000P\000O\000\040\000/\000\040\000E\000M\000-\000S\000t\000y\000l\000e\000\040\000M\000e\000t\000h\000o\000d\000s\000\040\000A\000r\000e\000\040\000D\000r\000o\000p\000o\000u\000t\000-\000C\000o\000m\000p\000a\000t\000i\000b\000l\000e}{section.7}% 43
\BOOKMARK [2][-]{section*.55}{\376\377\000P\000r\000a\000c\000t\000i\000c\000a\000l\000\040\000I\000m\000p\000l\000i\000c\000a\000t\000i\000o\000n\000s}{section.7}% 44
\BOOKMARK [1][-]{section.8}{\376\377\000R\000e\000f\000e\000r\000e\000n\000c\000e\000s}{}% 45
